Using pre-set license
Built from '2022.1/staging' branch; Version is '2022.1.4f1 (76dd1f94b339) revision 7789855'; Using compiler version '192829333'; Build Type 'Release'
OS: 'Windows 10  (10.0.19043) 64bit Professional' Language: 'en' Physical Memory: 16340 MB
BatchMode: 1, IsHumanControllingUs: 0, StartBugReporterOnCrash: 0, Is64bit: 1, IsPro: 1

COMMAND LINE ARGUMENTS:
C:\Program Files\Unity\Hub\Editor\2022.1.4f1\Editor\Unity.exe
-adb2
-batchMode
-noUpm
-name
AssetImportWorker0
-projectPath
C:/WORK/Repositories/VSE_RacingGames.git/VSE_RacingGames
-logFile
Logs/AssetImportWorker0.log
-srvPort
50600
Successfully changed project path to: C:/WORK/Repositories/VSE_RacingGames.git/VSE_RacingGames
C:/WORK/Repositories/VSE_RacingGames.git/VSE_RacingGames
[UnityMemory] Configuration Parameters - Can be set up in boot.config
    "memorysetup-bucket-allocator-granularity=16"
    "memorysetup-bucket-allocator-bucket-count=8"
    "memorysetup-bucket-allocator-block-size=33554432"
    "memorysetup-bucket-allocator-block-count=8"
    "memorysetup-main-allocator-block-size=16777216"
    "memorysetup-thread-allocator-block-size=16777216"
    "memorysetup-gfx-main-allocator-block-size=16777216"
    "memorysetup-gfx-thread-allocator-block-size=16777216"
    "memorysetup-cache-allocator-block-size=4194304"
    "memorysetup-typetree-allocator-block-size=2097152"
    "memorysetup-profiler-bucket-allocator-granularity=16"
    "memorysetup-profiler-bucket-allocator-bucket-count=8"
    "memorysetup-profiler-bucket-allocator-block-size=33554432"
    "memorysetup-profiler-bucket-allocator-block-count=8"
    "memorysetup-profiler-allocator-block-size=16777216"
    "memorysetup-profiler-editor-allocator-block-size=1048576"
    "memorysetup-temp-allocator-size-main=16777216"
    "memorysetup-job-temp-allocator-block-size=2097152"
    "memorysetup-job-temp-allocator-block-size-background=1048576"
    "memorysetup-job-temp-allocator-reduction-small-platforms=262144"
    "memorysetup-temp-allocator-size-background-worker=32768"
    "memorysetup-temp-allocator-size-job-worker=262144"
    "memorysetup-temp-allocator-size-preload-manager=33554432"
    "memorysetup-temp-allocator-size-nav-mesh-worker=65536"
    "memorysetup-temp-allocator-size-audio-worker=65536"
    "memorysetup-temp-allocator-size-cloud-worker=32768"
    "memorysetup-temp-allocator-size-gi-baking-worker=262144"
    "memorysetup-temp-allocator-size-gfx=262144"
Refreshing native plugins compatible for Editor in 256.61 ms, found 5 plugins.
Preloading 0 native plugins for Editor in 0.00 ms.
Initialize engine version: 2022.1.4f1 (76dd1f94b339)
[Subsystems] Discovering subsystems at path C:/Program Files/Unity/Hub/Editor/2022.1.4f1/Editor/Data/Resources/UnitySubsystems
[Subsystems] Discovering subsystems at path C:/WORK/Repositories/VSE_RacingGames.git/VSE_RacingGames/Assets
GfxDevice: creating device client; threaded=0; jobified=0
Direct3D:
    Version:  Direct3D 11.0 [level 11.0]
    Renderer: NVIDIA GeForce GTX 760 (ID=0x1187)
    Vendor:   NVIDIA
    VRAM:     2007 MB
    Driver:   30.0.14.7381
Initialize mono
Mono path[0] = 'C:/Program Files/Unity/Hub/Editor/2022.1.4f1/Editor/Data/Managed'
Mono path[1] = 'C:/Program Files/Unity/Hub/Editor/2022.1.4f1/Editor/Data/MonoBleedingEdge/lib/mono/unityjit-win32'
Mono config path = 'C:/Program Files/Unity/Hub/Editor/2022.1.4f1/Editor/Data/MonoBleedingEdge/etc'
Using monoOptions --debugger-agent=transport=dt_socket,embedding=1,server=y,suspend=n,address=127.0.0.1:56348
Begin MonoManager ReloadAssembly
Registering precompiled unity dll's ...
Register platform support module: C:/Program Files/Unity/Hub/Editor/2022.1.4f1/Editor/Data/PlaybackEngines/WindowsStandaloneSupport/UnityEditor.WindowsStandalone.Extensions.dll
Registered in 0.024701 seconds.
Native extension for WindowsStandalone target not found
Refreshing native plugins compatible for Editor in 193.71 ms, found 5 plugins.
Preloading 0 native plugins for Editor in 0.00 ms.
Mono: successfully reloaded assembly
- Completed reload, in  1.439 seconds
Domain Reload Profiling:
	ReloadAssembly (1440ms)
		BeginReloadAssembly (194ms)
			ExecutionOrderSort (0ms)
			DisableScriptedObjects (0ms)
			BackupInstance (0ms)
			ReleaseScriptingObjects (0ms)
			CreateAndSetChildDomain (1ms)
		EndReloadAssembly (982ms)
			LoadAssemblies (187ms)
			RebuildTransferFunctionScriptingTraits (0ms)
			SetupTypeCache (289ms)
				TypeCache.Initialize (288ms)
					TypeCache.ScanAssembly (286ms)
				ResolveRequiredComponents (1ms)
			ReleaseScriptCaches (0ms)
			RebuildScriptCaches (65ms)
			SetupLoadedEditorAssemblies (523ms)
				LogAssemblyErrors (0ms)
				InitializePlatformSupportModulesInManaged (16ms)
				SetLoadedEditorAssemblies (10ms)
				RefreshPlugins (194ms)
				BeforeProcessingInitializeOnLoad (2ms)
				ProcessInitializeOnLoadAttributes (222ms)
				ProcessInitializeOnLoadMethodAttributes (79ms)
				AfterProcessingInitializeOnLoad (0ms)
				EditorAssembliesLoaded (0ms)
			ExecutionOrderSort2 (0ms)
			AwakeInstancesAfterBackupRestoration (0ms)
Platform modules already initialized, skipping
Registering precompiled user dll's ...
Registered in 0.021336 seconds.
Begin MonoManager ReloadAssembly
Symbol file LoadedFromMemory doesn't match image C:\WORK\Repositories\VSE_RacingGames.git\VSE_RacingGames\Library\PackageCache\com.unity.visualscripting@1.7.8\Editor\VisualScripting.Core\Dependencies\YamlDotNet\Unity.VisualScripting.YamlDotNet.dll
Symbol file LoadedFromMemory doesn't match image C:\WORK\Repositories\VSE_RacingGames.git\VSE_RacingGames\Library\PackageCache\com.unity.visualscripting@1.7.8\Editor\VisualScripting.Core\Dependencies\DotNetZip\Unity.VisualScripting.IonicZip.dll
Native extension for WindowsStandalone target not found
Refreshing native plugins compatible for Editor in 184.96 ms, found 5 plugins.
Preloading 0 native plugins for Editor in 0.00 ms.
Mono: successfully reloaded assembly
- Completed reload, in  2.426 seconds
Domain Reload Profiling:
	ReloadAssembly (2428ms)
		BeginReloadAssembly (228ms)
			ExecutionOrderSort (0ms)
			DisableScriptedObjects (10ms)
			BackupInstance (0ms)
			ReleaseScriptingObjects (0ms)
			CreateAndSetChildDomain (31ms)
		EndReloadAssembly (1983ms)
			LoadAssemblies (192ms)
			RebuildTransferFunctionScriptingTraits (0ms)
			SetupTypeCache (548ms)
				TypeCache.Initialize (526ms)
					TypeCache.ScanAssembly (520ms)
				ResolveRequiredComponents (22ms)
			ReleaseScriptCaches (1ms)
			RebuildScriptCaches (130ms)
			SetupLoadedEditorAssemblies (1041ms)
				LogAssemblyErrors (0ms)
				InitializePlatformSupportModulesInManaged (11ms)
				SetLoadedEditorAssemblies (8ms)
				RefreshPlugins (185ms)
				BeforeProcessingInitializeOnLoad (238ms)
				ProcessInitializeOnLoadAttributes (458ms)
				ProcessInitializeOnLoadMethodAttributes (120ms)
				AfterProcessingInitializeOnLoad (21ms)
				EditorAssembliesLoaded (0ms)
			ExecutionOrderSort2 (0ms)
			AwakeInstancesAfterBackupRestoration (13ms)
Platform modules already initialized, skipping
========================================================================
Worker process is ready to serve import requests
Launched and connected shader compiler UnityShaderCompiler.exe after 0.11 seconds
Refreshing native plugins compatible for Editor in 1.33 ms, found 5 plugins.
Preloading 0 native plugins for Editor in 0.00 ms.
Unloading 5457 Unused Serialized files (Serialized files now loaded: 0)
Unloading 48 unused Assets / (420.5 KB). Loaded Objects now: 5912.
Memory consumption went from 0.84 GB to 0.84 GB.
Total: 6.881900 ms (FindLiveObjects: 0.532800 ms CreateObjectMapping: 0.342000 ms MarkObjects: 5.707200 ms  DeleteObjects: 0.297400 ms)

AssetImportParameters requested are different than current active one (requested -> active):
  custom:video-decoder-ogg-theora: a1e56fd34408186e4bbccfd4996cb3dc -> 
  custom:container-muxer-webm: aa71ff27fc2769a1b78a27578f13a17b -> 
  custom:container-demuxer-webm: 4f35f7cbe854078d1ac9338744f61a02 -> 
  custom:video-encoder-webm-vp8: eb34c28f22e8b96e1ab97ce403110664 -> 
  custom:audio-encoder-webm-vorbis: bf7c407c2cedff20999df2af8eb42d56 -> 
  custom:framework-win-MediaFoundation: 216162199b28c13a410421893ffa2e32 -> 
  custom:container-demuxer-ogg: 62fdf1f143b41e24485cea50d1cbac27 -> 
  custom:video-decoder-webm-vp8: 9c59270c3fd7afecdb556c50c9e8de78 -> 
  custom:audio-decoder-ogg-vorbis: bf7c407c2cedff20999df2af8eb42d56 -> 
========================================================================
Received Import Request.
  Time since last request: 1070879.219515 seconds.
  path: Assets/Track_Shots/Turfontein_Shots/1000mCornerStart/Tower1000HD_02.mat
  artifactKey: Guid(287f4c8cd9e31bc4b919a7d9f47fa267) Importer(815301076,1909f56bfc062723c751e8b465ee728b)
Start importing Assets/Track_Shots/Turfontein_Shots/1000mCornerStart/Tower1000HD_02.mat using Guid(287f4c8cd9e31bc4b919a7d9f47fa267) Importer(815301076,1909f56bfc062723c751e8b465ee728b)  -> (artifact id: '4922173c6aac91d4c749f0bccd866bcf') in 0.752100 seconds 
========================================================================
Received Import Request.
  Time since last request: 0.000029 seconds.
  path: Assets/Track_Shots/Turfontein_Shots/1000mCornerStart/Tower1000HD_04_part4.jpg
  artifactKey: Guid(98f6bf7cadbc9124f96ef8ab1320b832) Importer(815301076,1909f56bfc062723c751e8b465ee728b)
Start importing Assets/Track_Shots/Turfontein_Shots/1000mCornerStart/Tower1000HD_04_part4.jpg using Guid(98f6bf7cadbc9124f96ef8ab1320b832) Importer(815301076,1909f56bfc062723c751e8b465ee728b)  -> (artifact id: '2400007830593151f7ab59c399a9802b') in 0.127122 seconds 
========================================================================
Received Import Request.
  Time since last request: 0.000065 seconds.
  path: Assets/Track_Shots/Turfontein_Shots/1000mCornerStart/Tower1000HD_04_part1.jpg
  artifactKey: Guid(4360203e200de7246ae3702b12395e39) Importer(815301076,1909f56bfc062723c751e8b465ee728b)
Start importing Assets/Track_Shots/Turfontein_Shots/1000mCornerStart/Tower1000HD_04_part1.jpg using Guid(4360203e200de7246ae3702b12395e39) Importer(815301076,1909f56bfc062723c751e8b465ee728b)  -> (artifact id: '7c298f686606afe4316a4d644d397714') in 0.053483 seconds 
========================================================================
Received Import Request.
  Time since last request: 0.000037 seconds.
  path: Assets/Track_Shots/Turfontein_Shots/1000mCornerStart/Tower1000HD_03.mat
  artifactKey: Guid(6ddeae50ada300a4589e32871e56965f) Importer(815301076,1909f56bfc062723c751e8b465ee728b)
Start importing Assets/Track_Shots/Turfontein_Shots/1000mCornerStart/Tower1000HD_03.mat using Guid(6ddeae50ada300a4589e32871e56965f) Importer(815301076,1909f56bfc062723c751e8b465ee728b)  -> (artifact id: '2cb6c72d9ee12cedd12f8268ac3f8b14') in 0.089833 seconds 
========================================================================
Received Import Request.
  Time since last request: 0.000033 seconds.
  path: Assets/Track_Shots/Turfontein_Shots/1000mCornerStart/Tower1000_04.mat
  artifactKey: Guid(07102c9bc2d0a3f40b1c1bb7d66272e2) Importer(815301076,1909f56bfc062723c751e8b465ee728b)
Start importing Assets/Track_Shots/Turfontein_Shots/1000mCornerStart/Tower1000_04.mat using Guid(07102c9bc2d0a3f40b1c1bb7d66272e2) Importer(815301076,1909f56bfc062723c751e8b465ee728b)  -> (artifact id: '01fa5495e0fa2cdecdb9b280d586a816') in 0.282687 seconds 
========================================================================
Received Import Request.
  Time since last request: 0.000037 seconds.
  path: Assets/Track_Shots/Turfontein_Shots/1000mCornerStart/Tower1000HD_04.jpg
  artifactKey: Guid(10bc9bff7a2b82647bebad73637183be) Importer(815301076,1909f56bfc062723c751e8b465ee728b)
Start importing Assets/Track_Shots/Turfontein_Shots/1000mCornerStart/Tower1000HD_04.jpg using Guid(10bc9bff7a2b82647bebad73637183be) Importer(815301076,1909f56bfc062723c751e8b465ee728b)  -> (artifact id: 'a0f9e7bb58a035243bc5386b217167ac') in 0.108501 seconds 
========================================================================
Received Import Request.
  Time since last request: 0.000054 seconds.
  path: Assets/Track_Shots/Turfontein_Shots/1000mCornerStart/1000mCornerStart_4_Images.fbx
  artifactKey: Guid(75954460face75d42bc7f1c809039972) Importer(815301076,1909f56bfc062723c751e8b465ee728b)
Start importing Assets/Track_Shots/Turfontein_Shots/1000mCornerStart/1000mCornerStart_4_Images.fbx using Guid(75954460face75d42bc7f1c809039972) Importer(815301076,1909f56bfc062723c751e8b465ee728b)  -> (artifact id: '826ddcf80dfb2ae7d56d71cf58980f03') in 0.339016 seconds 
========================================================================
Received Import Request.
  Time since last request: 0.000031 seconds.
  path: Assets/Track_Shots/Turfontein_Shots/1000mCornerStart/Tower1000HD_02.jpg
  artifactKey: Guid(4fdfd7ce1b79be54280613fcb3aa2ab2) Importer(815301076,1909f56bfc062723c751e8b465ee728b)
Start importing Assets/Track_Shots/Turfontein_Shots/1000mCornerStart/Tower1000HD_02.jpg using Guid(4fdfd7ce1b79be54280613fcb3aa2ab2) Importer(815301076,1909f56bfc062723c751e8b465ee728b)  -> (artifact id: '1e33b59eb52608ef68e4fcacd66968ad') in 0.035018 seconds 
========================================================================
Received Import Request.
  Time since last request: 0.000072 seconds.
  path: Assets/Track_Shots/Turfontein_Shots/1000mCornerStart/1000mCornerStartSponsors.fbx
  artifactKey: Guid(a34181c8d7e6a3343994eba0c4f8ee7c) Importer(815301076,1909f56bfc062723c751e8b465ee728b)
Start importing Assets/Track_Shots/Turfontein_Shots/1000mCornerStart/1000mCornerStartSponsors.fbx using Guid(a34181c8d7e6a3343994eba0c4f8ee7c) Importer(815301076,1909f56bfc062723c751e8b465ee728b)  -> (artifact id: '4f283589947ff8affa3b644ec22e3f89') in 0.085779 seconds 
========================================================================
Received Import Request.
  Time since last request: 0.000098 seconds.
  path: Assets/Track_Shots/Turfontein_Shots/1000mCornerStart/1000m_Railing_Foreground.png
  artifactKey: Guid(906bae374fe37424c9de07a40d09476e) Importer(815301076,1909f56bfc062723c751e8b465ee728b)
Start importing Assets/Track_Shots/Turfontein_Shots/1000mCornerStart/1000m_Railing_Foreground.png using Guid(906bae374fe37424c9de07a40d09476e) Importer(815301076,1909f56bfc062723c751e8b465ee728b)  -> (artifact id: '67b57161f6e0d53edb65e86d66681415') in 0.026462 seconds 
========================================================================
Received Import Request.
  Time since last request: 16.715606 seconds.
  path: Assets/Track_Shots/Turfontein_Shots/1000mCornerStart/Tower1000.mat
  artifactKey: Guid(b7b2f3cc1becc9b42a906dbe5b62e6e7) Importer(815301076,1909f56bfc062723c751e8b465ee728b)
Start importing Assets/Track_Shots/Turfontein_Shots/1000mCornerStart/Tower1000.mat using Guid(b7b2f3cc1becc9b42a906dbe5b62e6e7) Importer(815301076,1909f56bfc062723c751e8b465ee728b)  -> (artifact id: 'bde94cf8492a5a55b990cfe63f055093') in 0.040797 seconds 
========================================================================
Received Import Request.
  Time since last request: 7.911066 seconds.
  path: Assets/Track_Shots/Turfontein_Shots/1000mCornerStart/Tower1000HD_02.jpg
  artifactKey: Guid(4fdfd7ce1b79be54280613fcb3aa2ab2) Importer(815301076,1909f56bfc062723c751e8b465ee728b)
Start importing Assets/Track_Shots/Turfontein_Shots/1000mCornerStart/Tower1000HD_02.jpg using Guid(4fdfd7ce1b79be54280613fcb3aa2ab2) Importer(815301076,1909f56bfc062723c751e8b465ee728b)  -> (artifact id: '15b7a4018d714e10a61e103dba16363b') in 0.036584 seconds 
========================================================================
Received Import Request.
  Time since last request: 0.051979 seconds.
  path: Assets/Track_Shots/Turfontein_Shots/1000mCornerStart/Tower1000HD_02.mat
  artifactKey: Guid(287f4c8cd9e31bc4b919a7d9f47fa267) Importer(815301076,1909f56bfc062723c751e8b465ee728b)
Start importing Assets/Track_Shots/Turfontein_Shots/1000mCornerStart/Tower1000HD_02.mat using Guid(287f4c8cd9e31bc4b919a7d9f47fa267) Importer(815301076,1909f56bfc062723c751e8b465ee728b)  -> (artifact id: '821a51267bb94cf6cfaf5c4769c45b75') in 0.035606 seconds 
========================================================================
Received Import Request.
  Time since last request: 8.038983 seconds.
  path: Assets/Track_Shots/Turfontein_Shots/1000mCornerStart/Tower1000HD_03.jpg
  artifactKey: Guid(0838405dd2142824796b879d565d4a82) Importer(815301076,1909f56bfc062723c751e8b465ee728b)
Start importing Assets/Track_Shots/Turfontein_Shots/1000mCornerStart/Tower1000HD_03.jpg using Guid(0838405dd2142824796b879d565d4a82) Importer(815301076,1909f56bfc062723c751e8b465ee728b)  -> (artifact id: 'e8e6f1a8e2673382898567d4e141fce0') in 0.042781 seconds 
========================================================================
Received Import Request.
  Time since last request: 0.050429 seconds.
  path: Assets/Track_Shots/Turfontein_Shots/1000mCornerStart/Tower1000HD_03.mat
  artifactKey: Guid(6ddeae50ada300a4589e32871e56965f) Importer(815301076,1909f56bfc062723c751e8b465ee728b)
Start importing Assets/Track_Shots/Turfontein_Shots/1000mCornerStart/Tower1000HD_03.mat using Guid(6ddeae50ada300a4589e32871e56965f) Importer(815301076,1909f56bfc062723c751e8b465ee728b)  -> (artifact id: 'd4777d887feee4287ba794869e50e720') in 0.038392 seconds 
========================================================================
Received Import Request.
  Time since last request: 8.110614 seconds.
  path: Assets/Track_Shots/Turfontein_Shots/1000mCornerStart/Tower1000_04.mat
  artifactKey: Guid(07102c9bc2d0a3f40b1c1bb7d66272e2) Importer(815301076,1909f56bfc062723c751e8b465ee728b)
Start importing Assets/Track_Shots/Turfontein_Shots/1000mCornerStart/Tower1000_04.mat using Guid(07102c9bc2d0a3f40b1c1bb7d66272e2) Importer(815301076,1909f56bfc062723c751e8b465ee728b)  -> (artifact id: 'eef73433a7f60b3a7109653bb9f708fd') in 0.149641 seconds 
========================================================================
Received Import Request.
  Time since last request: 8.086697 seconds.
  path: Assets/Track_Shots/Turfontein_Shots/1000mCornerStart/Tower1000_Part1.mat
  artifactKey: Guid(f7003e522bf0e944fa0b5036a5aec44b) Importer(815301076,1909f56bfc062723c751e8b465ee728b)
Start importing Assets/Track_Shots/Turfontein_Shots/1000mCornerStart/Tower1000_Part1.mat using Guid(f7003e522bf0e944fa0b5036a5aec44b) Importer(815301076,1909f56bfc062723c751e8b465ee728b)  -> (artifact id: 'a1b43c23b34459456851be122737f450') in 0.041600 seconds 
========================================================================
Received Import Request.
  Time since last request: 13.357107 seconds.
  path: Assets/Track_Shots/Turfontein_Shots/1000mCornerStart/Tower1000_Part1.mat
  artifactKey: Guid(f7003e522bf0e944fa0b5036a5aec44b) Importer(815301076,1909f56bfc062723c751e8b465ee728b)
Start importing Assets/Track_Shots/Turfontein_Shots/1000mCornerStart/Tower1000_Part1.mat using Guid(f7003e522bf0e944fa0b5036a5aec44b) Importer(815301076,1909f56bfc062723c751e8b465ee728b)  -> (artifact id: '4972a35948a802cd1a961e712eb46bfe') in 0.028831 seconds 
========================================================================
Received Import Request.
  Time since last request: 10.148385 seconds.
  path: Assets/Track_Shots/Turfontein_Shots/1000mCornerStart/Tower1000_Part1.mat
  artifactKey: Guid(f7003e522bf0e944fa0b5036a5aec44b) Importer(815301076,1909f56bfc062723c751e8b465ee728b)
Start importing Assets/Track_Shots/Turfontein_Shots/1000mCornerStart/Tower1000_Part1.mat using Guid(f7003e522bf0e944fa0b5036a5aec44b) Importer(815301076,1909f56bfc062723c751e8b465ee728b)  -> (artifact id: '2bda2be2f139464b7c402af736fc649e') in 0.127536 seconds 
========================================================================
Received Import Request.
  Time since last request: 10.150751 seconds.
  path: Assets/Track_Shots/Turfontein_Shots/1000mCornerStart/Tower1000HD_04_part1.jpg
  artifactKey: Guid(4360203e200de7246ae3702b12395e39) Importer(815301076,1909f56bfc062723c751e8b465ee728b)
Start importing Assets/Track_Shots/Turfontein_Shots/1000mCornerStart/Tower1000HD_04_part1.jpg using Guid(4360203e200de7246ae3702b12395e39) Importer(815301076,1909f56bfc062723c751e8b465ee728b)  -> (artifact id: '6104f63f8b7741823f97e79b92272111') in 0.137735 seconds 
========================================================================
Received Import Request.
  Time since last request: 10.079755 seconds.
  path: Assets/Track_Shots/Turfontein_Shots/1000mCornerStart/Tower1000_Part2.mat
  artifactKey: Guid(ca8fa068f92ddc348bd5346a5ef6603c) Importer(815301076,1909f56bfc062723c751e8b465ee728b)
Start importing Assets/Track_Shots/Turfontein_Shots/1000mCornerStart/Tower1000_Part2.mat using Guid(ca8fa068f92ddc348bd5346a5ef6603c) Importer(815301076,1909f56bfc062723c751e8b465ee728b)  -> (artifact id: 'b642b65275e8a99aad237c3b6a8989e6') in 0.159904 seconds 
========================================================================
Received Import Request.
  Time since last request: 4.799411 seconds.
  path: Assets/Track_Shots/Turfontein_Shots/1000mCornerStart/Tower1000_Part2.mat
  artifactKey: Guid(ca8fa068f92ddc348bd5346a5ef6603c) Importer(815301076,1909f56bfc062723c751e8b465ee728b)
Start importing Assets/Track_Shots/Turfontein_Shots/1000mCornerStart/Tower1000_Part2.mat using Guid(ca8fa068f92ddc348bd5346a5ef6603c) Importer(815301076,1909f56bfc062723c751e8b465ee728b)  -> (artifact id: '78cf92b070da9a276e986a530a0d9027') in 0.070703 seconds 
========================================================================
Received Import Request.
  Time since last request: 7.293882 seconds.
  path: Assets/Track_Shots/Turfontein_Shots/1000mCornerStart/Tower1000_Part3.mat
  artifactKey: Guid(c6dc416212a0d3e49ba90a7baedbe7eb) Importer(815301076,1909f56bfc062723c751e8b465ee728b)
Start importing Assets/Track_Shots/Turfontein_Shots/1000mCornerStart/Tower1000_Part3.mat using Guid(c6dc416212a0d3e49ba90a7baedbe7eb) Importer(815301076,1909f56bfc062723c751e8b465ee728b)  -> (artifact id: '2d52008a40c9acf8fd365d6b07b8409c') in 0.029079 seconds 
========================================================================
Received Import Request.
  Time since last request: 3.192006 seconds.
  path: Assets/Track_Shots/Turfontein_Shots/1000mCornerStart/Tower1000_Part3.mat
  artifactKey: Guid(c6dc416212a0d3e49ba90a7baedbe7eb) Importer(815301076,1909f56bfc062723c751e8b465ee728b)
Start importing Assets/Track_Shots/Turfontein_Shots/1000mCornerStart/Tower1000_Part3.mat using Guid(c6dc416212a0d3e49ba90a7baedbe7eb) Importer(815301076,1909f56bfc062723c751e8b465ee728b)  -> (artifact id: 'e69a5bd44ce5919086cb5c328b735f00') in 0.029135 seconds 
========================================================================
Received Import Request.
  Time since last request: 53.490315 seconds.
  path: Assets/Track_Shots/Turfontein_Shots/Tower1/TrackQuart_01.mat
  artifactKey: Guid(73327913c9a167442b7668516d8cb56e) Importer(815301076,1909f56bfc062723c751e8b465ee728b)
Start importing Assets/Track_Shots/Turfontein_Shots/Tower1/TrackQuart_01.mat using Guid(73327913c9a167442b7668516d8cb56e) Importer(815301076,1909f56bfc062723c751e8b465ee728b)  -> (artifact id: 'e7cced8b02c14ffdd0e2362db1f36ed8') in 0.131151 seconds 
========================================================================
Received Import Request.
  Time since last request: 0.000040 seconds.
  path: Assets/Track_Shots/Turfontein_Shots/Tower1/TrackQuart_04.mat
  artifactKey: Guid(47a66449630702c479f399a5f30c3852) Importer(815301076,1909f56bfc062723c751e8b465ee728b)
Start importing Assets/Track_Shots/Turfontein_Shots/Tower1/TrackQuart_04.mat using Guid(47a66449630702c479f399a5f30c3852) Importer(815301076,1909f56bfc062723c751e8b465ee728b)  -> (artifact id: '059fff79b7a610ece1090a566f2b9518') in 0.041828 seconds 
========================================================================
Received Import Request.
  Time since last request: 7.539743 seconds.
  path: Assets/Track_Shots/Turfontein_Shots/Winners_Shot/Winner_Shot_part2.mat
  artifactKey: Guid(f24e8757518e0644f94026fff3a4f8e9) Importer(815301076,1909f56bfc062723c751e8b465ee728b)
Start importing Assets/Track_Shots/Turfontein_Shots/Winners_Shot/Winner_Shot_part2.mat using Guid(f24e8757518e0644f94026fff3a4f8e9) Importer(815301076,1909f56bfc062723c751e8b465ee728b)  -> (artifact id: 'dd981849d42ca7d2bf681f8264dcaf7b') in 0.041196 seconds 
========================================================================
Received Import Request.
  Time since last request: 512.708111 seconds.
  path: Assets/Track_Shots/Turfontein_Shots/1000mCornerStart/Tower1000HD_03.jpg
  artifactKey: Guid(0838405dd2142824796b879d565d4a82) Importer(815301076,1909f56bfc062723c751e8b465ee728b)
Start importing Assets/Track_Shots/Turfontein_Shots/1000mCornerStart/Tower1000HD_03.jpg using Guid(0838405dd2142824796b879d565d4a82) Importer(815301076,1909f56bfc062723c751e8b465ee728b)  -> (artifact id: '27c460a1abe66cbc1503d97eabd32499') in 0.127795 seconds 
========================================================================
Received Import Request.
  Time since last request: 1790.345774 seconds.
  path: Assets/Track_Shots/Turfontein_Shots/1000mCornerStart/Tower1000HD_03.jpg
  artifactKey: Guid(0838405dd2142824796b879d565d4a82) Importer(815301076,1909f56bfc062723c751e8b465ee728b)
Start importing Assets/Track_Shots/Turfontein_Shots/1000mCornerStart/Tower1000HD_03.jpg using Guid(0838405dd2142824796b879d565d4a82) Importer(815301076,1909f56bfc062723c751e8b465ee728b)  -> (artifact id: '4db14d05bb0e827328866e841e7c706b') in 0.178172 seconds 
========================================================================
Received Import Request.
  Time since last request: 132.680134 seconds.
  path: Assets/Track_Shots/Turfontein_Shots/1000mCornerStart/Tower1000HD_03.jpg
  artifactKey: Guid(0838405dd2142824796b879d565d4a82) Importer(815301076,1909f56bfc062723c751e8b465ee728b)
Start importing Assets/Track_Shots/Turfontein_Shots/1000mCornerStart/Tower1000HD_03.jpg using Guid(0838405dd2142824796b879d565d4a82) Importer(815301076,1909f56bfc062723c751e8b465ee728b)  -> (artifact id: 'b164d602ea379820ece949fd14abb1af') in 0.068441 seconds 
========================================================================
Received Import Request.
  Time since last request: 11.496077 seconds.
  path: Assets/Track_Shots/Turfontein_Shots/1000mCornerStart/Tower1000HD_03.jpg
  artifactKey: Guid(0838405dd2142824796b879d565d4a82) Importer(815301076,1909f56bfc062723c751e8b465ee728b)
Start importing Assets/Track_Shots/Turfontein_Shots/1000mCornerStart/Tower1000HD_03.jpg using Guid(0838405dd2142824796b879d565d4a82) Importer(815301076,1909f56bfc062723c751e8b465ee728b)  -> (artifact id: '076019ef197ce26c1d3e4b7292fde6ea') in 0.041983 seconds 
========================================================================
Received Import Request.
  Time since last request: 0.056020 seconds.
  path: Assets/Track_Shots/Turfontein_Shots/1000mCornerStart/Tower1000HD_03.mat
  artifactKey: Guid(6ddeae50ada300a4589e32871e56965f) Importer(815301076,1909f56bfc062723c751e8b465ee728b)
Start importing Assets/Track_Shots/Turfontein_Shots/1000mCornerStart/Tower1000HD_03.mat using Guid(6ddeae50ada300a4589e32871e56965f) Importer(815301076,1909f56bfc062723c751e8b465ee728b)  -> (artifact id: 'd40703d38b352a1069951a6faaee5b74') in 0.053455 seconds 
========================================================================
Received Import Request.
  Time since last request: 108.065570 seconds.
  path: Assets/Track_Shots/Turfontein_Shots/1000mCornerStart/Tower1000HD_03.jpg
  artifactKey: Guid(0838405dd2142824796b879d565d4a82) Importer(815301076,1909f56bfc062723c751e8b465ee728b)
Start importing Assets/Track_Shots/Turfontein_Shots/1000mCornerStart/Tower1000HD_03.jpg using Guid(0838405dd2142824796b879d565d4a82) Importer(815301076,1909f56bfc062723c751e8b465ee728b)  -> (artifact id: '8a4410602dddde2f3683a1634fe59b13') in 0.107287 seconds 
========================================================================
Received Import Request.
  Time since last request: 48.449585 seconds.
  path: Assets/Track_Shots/Turfontein_Shots/1000mCornerStart/Tower1000HD_03.jpg
  artifactKey: Guid(0838405dd2142824796b879d565d4a82) Importer(815301076,1909f56bfc062723c751e8b465ee728b)
Start importing Assets/Track_Shots/Turfontein_Shots/1000mCornerStart/Tower1000HD_03.jpg using Guid(0838405dd2142824796b879d565d4a82) Importer(815301076,1909f56bfc062723c751e8b465ee728b)  -> (artifact id: '64e73a726c6267aae90093f784319b22') in 0.043820 seconds 
========================================================================
Received Import Request.
  Time since last request: 1028.046358 seconds.
  path: Assets/Track_Shots/Turfontein_Shots/1000mCornerStart/Tower1000HD_03.jpg
  artifactKey: Guid(0838405dd2142824796b879d565d4a82) Importer(815301076,1909f56bfc062723c751e8b465ee728b)
Start importing Assets/Track_Shots/Turfontein_Shots/1000mCornerStart/Tower1000HD_03.jpg using Guid(0838405dd2142824796b879d565d4a82) Importer(815301076,1909f56bfc062723c751e8b465ee728b)  -> (artifact id: '8c3a91aa41597a2118d7d26f82cb8e17') in 0.248195 seconds 
========================================================================
Received Import Request.
  Time since last request: 220.166879 seconds.
  path: Assets/Track_Shots/Turfontein_Shots/1000mCornerStart/Tower1000HD_03.jpg
  artifactKey: Guid(0838405dd2142824796b879d565d4a82) Importer(815301076,1909f56bfc062723c751e8b465ee728b)
Start importing Assets/Track_Shots/Turfontein_Shots/1000mCornerStart/Tower1000HD_03.jpg using Guid(0838405dd2142824796b879d565d4a82) Importer(815301076,1909f56bfc062723c751e8b465ee728b)  -> (artifact id: 'b77f6203ac81407f11a516d4570683f9') in 0.053390 seconds 
========================================================================
Received Import Request.
  Time since last request: 78.340310 seconds.
  path: Assets/Track_Shots/Turfontein_Shots/1000mCornerStart/Tower1000HD_03.jpg
  artifactKey: Guid(0838405dd2142824796b879d565d4a82) Importer(815301076,1909f56bfc062723c751e8b465ee728b)
Start importing Assets/Track_Shots/Turfontein_Shots/1000mCornerStart/Tower1000HD_03.jpg using Guid(0838405dd2142824796b879d565d4a82) Importer(815301076,1909f56bfc062723c751e8b465ee728b)  -> (artifact id: '7918bb5d4f48c7a957be6832df804c50') in 0.075977 seconds 
========================================================================
Received Import Request.
  Time since last request: 4508.792466 seconds.
  path: Assets/Track_Shots/Turfontein_Shots/Tower3/Tower3_part3.mat
  artifactKey: Guid(2c12d8bc505ba4b4b9aa4c6323b389f3) Importer(815301076,1909f56bfc062723c751e8b465ee728b)
Start importing Assets/Track_Shots/Turfontein_Shots/Tower3/Tower3_part3.mat using Guid(2c12d8bc505ba4b4b9aa4c6323b389f3) Importer(815301076,1909f56bfc062723c751e8b465ee728b)  -> (artifact id: 'e5b69bdc8c48b0bbee4daffce6ab847c') in 0.443010 seconds 
========================================================================
Received Import Request.
  Time since last request: 487.823547 seconds.
  path: Assets/Track_Shots/Turfontein_Shots/1000mCornerStart/Tower1000HD_03.jpg
  artifactKey: Guid(0838405dd2142824796b879d565d4a82) Importer(815301076,1909f56bfc062723c751e8b465ee728b)
Start importing Assets/Track_Shots/Turfontein_Shots/1000mCornerStart/Tower1000HD_03.jpg using Guid(0838405dd2142824796b879d565d4a82) Importer(815301076,1909f56bfc062723c751e8b465ee728b)  -> (artifact id: '1ae1eee910f6328914dddc491f7a3fb0') in 0.164858 seconds 
========================================================================
Received Import Request.
  Time since last request: 34.850122 seconds.
  path: Assets/Track_Shots/Turfontein_Shots/1000mCornerStart/Tower1000HD_03.jpg
  artifactKey: Guid(0838405dd2142824796b879d565d4a82) Importer(815301076,1909f56bfc062723c751e8b465ee728b)
Start importing Assets/Track_Shots/Turfontein_Shots/1000mCornerStart/Tower1000HD_03.jpg using Guid(0838405dd2142824796b879d565d4a82) Importer(815301076,1909f56bfc062723c751e8b465ee728b)  -> (artifact id: 'd9f441683f53a54cdbb96fda959787ba') in 0.051952 seconds 
========================================================================
Received Import Request.
  Time since last request: 127.277948 seconds.
  path: Assets/Track_Shots/Turfontein_Shots/1000mCornerStart/Tower1000HD_03.jpg
  artifactKey: Guid(0838405dd2142824796b879d565d4a82) Importer(815301076,1909f56bfc062723c751e8b465ee728b)
Start importing Assets/Track_Shots/Turfontein_Shots/1000mCornerStart/Tower1000HD_03.jpg using Guid(0838405dd2142824796b879d565d4a82) Importer(815301076,1909f56bfc062723c751e8b465ee728b)  -> (artifact id: 'c6628193870304dc32919d3e023dfd52') in 0.046386 seconds 
